0
0
1
0
-2

3
0
-2

2
4
-1
2
1
J3
1
0
J4
0
0
2
93
3/Vd|6/Vm|2/Am|4/Vm|6/Vm|In/Am|9/Am
7
50
J1
7
108
3/Vd
2
0
1
93
+2/Vd|C4/*|8/Az|2/Vd|7/Am|1/Az|+2/Am
7
108
J2
7
50
3/Vd
2
1
-3
-4
0
0
0
0
1
93
+2/Vd|C4/*|8/Az|7/Am|1/Az|+2/Am
6
106
J2
7
50
2/Vd
2
0
93
3/Vd|6/Vm|2/Am|4/Vm|6/Vm|In/Am|9/Am
7
50
J1
6
106
2/Vd
2
1
-3
-4
0
0
0
0
0
1
93
6/Vm|2/Am|4/Vm|6/Vm|In/Am|9/Am
6
47
J1
6
106
3/Vd
2
0
93
+2/Vd|C4/*|8/Az|7/Am|1/Az|+2/Am
6
106
J2
6
47
3/Vd
2
1
-3
-4
0
0
0
0
1
91
C4/*|8/Az|7/Am|1/Az|+2/Am
5
86
J2
8
55
+2/Vd
2
1
-3
-4
0
0
0
1
89
C4/*|8/Az|7/Am|1/Az
4
66
J2
10
79
+2/Am
2
1
-3
-4
0
0
1
89
C4/*|8/Az|1/Az
3
59
J2
10
79
7/Am
1
0
89
6/Vm|2/Am|4/Vm|6/Vm|In/Am|9/Am|8/Am|0/Vd|+2/Az|4/Vd
10
79
J1
3
59
7/Am
1
1
-3
-4
1
-3
-3
-3
-3
-4
-3
89
2/Am|4/Vm|6/Vm|In/Am|9/Am|8/Am|0/Vd|+2/Az|4/Vd
9
73
J1
3
59
6/Vm
1
0
-4
-4
-3
-3
-3
-3
-3
-3
-3
89
2/Am|4/Vm|6/Vm|In/Am|9/Am|8/Am|0/Vd|+2/Az|4/Vd
9
73
J1
3
59
6/Vm
1
0
89
C4/*|8/Az|1/Az
3
59
J2
9
73
6/Vm
1
1
-3
-4
0
0
-4
1
85
8/Az|1/Az
2
9
J2
13
100
C4/*
0
0
85
2/Am|4/Vm|6/Vm|In/Am|9/Am|8/Am|0/Vd|+2/Az|4/Vd|2/Vd|+2/Vd|0/Vm|5/Am
13
100
J1
2
9
C4/*
0
1
-3
0
0
0
0
0
0
0
1
0
1
0
-4
1
81
2/Am|4/Vm|6/Vm|In/Am|9/Am|8/Am|4/Vd|2/Vd|0/Vm|5/Am
10
60
J1
6
69
0/Vd
2
0
0
-4
-3
-3
-3
-3
-3
-3
-3
-3
-3
-4
-3
81
2/Am|4/Vm|6/Vm|In/Am|9/Am|8/Am|4/Vd|2/Vd|0/Vm|5/Am
10
60
J1
6
69
0/Vd
2
0
0
-4
-3
-3
-3
-3
-3
-3
-3
-3
81
2/Am|4/Vm|6/Vm|In/Am|9/Am|8/Am|4/Vd|2/Vd|0/Vm|5/Am
10
60
J1
6
69
0/Vd
2
0
81
8/Az|1/Az|C4/*|4/Am|1/Am|5/Az
6
69
J2
10
60
0/Vd
2
1
-3
-4
0
0
0
0
0
1
77
8/Az|1/Az|4/Am|1/Am|5/Az
5
19
J2
14
100
C4/*
0
0
77
2/Am|4/Vm|6/Vm|In/Am|9/Am|8/Am|4/Vd|2/Vd|0/Vm|5/Am|6/Am|7/Vm|7/Am|Pu/Vd
14
100
J1
5
19
C4/*
0
1
-3
0
0
0
0
0
0
0
0
0
0
0
0
0
0
-2
-2
77
2/Am|4/Vm|6/Vm|In/Am|9/Am|8/Am|4/Vd|2/Vd|0/Vm|5/Am|6/Am|7/Vm|7/Am|Pu/Vd
14
100
J1
5
19
C4/*
0
1
77
8/Az|1/Az|4/Am|1/Am|5/Az
5
19
J2
14
100
C4/*
0
0
0
-4
-3
-3
-3
77
8/Az|1/Az|4/Am|1/Am|5/Az
5
19
J2
14
100
C4/*
0
0
77
2/Am|4/Vm|6/Vm|In/Am|9/Am|8/Am|4/Vd|2/Vd|0/Vm|5/Am|6/Am|7/Vm|7/Am|Pu/Vd
14
100
J1
5
19
C4/*
0
1
-3
-4
0
0
0
0
0
0
0
0
0
0
0
0
0
0
77
2/Am|4/Vm|6/Vm|In/Am|9/Am|8/Am|4/Vd|2/Vd|0/Vm|5/Am|6/Am|7/Vm|7/Am|Pu/Vd
14
100
J1
5
19
C4/*
0
1
77
8/Az|1/Az|4/Am|1/Am|5/Az
5
19
J2
14
100
C4/*
0
0
0
-3
-3
-3
-3
77
8/Az|1/Az|4/Am|1/Am|5/Az
5
19
J2
14
100
C4/*
0
0
77
2/Am|4/Vm|6/Vm|In/Am|9/Am|8/Am|4/Vd|2/Vd|0/Vm|5/Am|6/Am|7/Vm|7/Am|Pu/Vd
14
100
J1
5
19
C4/*
0
1
-3
0
0
0
0
0
0
0
0
0
0
77
2/Am|4/Vm|6/Vm|In/Am|9/Am|8/Am|4/Vd|2/Vd|0/Vm|5/Am|6/Am|7/Vm|7/Am|Pu/Vd
14
100
J1
5
19
C4/*
0
1
77
8/Az|1/Az|4/Am|1/Am|5/Az
5
19
J2
14
100
C4/*
0
0
0
-3
-3
-3
-3
77
8/Az|1/Az|4/Am|1/Am|5/Az
5
19
J2
14
100
C4/*
0
0
77
2/Am|4/Vm|6/Vm|In/Am|9/Am|8/Am|4/Vd|2/Vd|0/Vm|5/Am|6/Am|7/Vm|7/Am|Pu/Vd
14
100
J1
5
19
C4/*
0
1
-3
0
0
0
0
0
0
0
0
0
77
2/Am|4/Vm|6/Vm|In/Am|9/Am|8/Am|4/Vd|2/Vd|0/Vm|5/Am|6/Am|7/Vm|7/Am|Pu/Vd
14
100
J1
5
19
C4/*
0
1
77
8/Az|1/Az|4/Am|1/Am|5/Az
5
19
J2
14
100
C4/*
0
0
0
-3
-3
-3
77
8/Az|1/Az|4/Am|1/Am|5/Az
5
19
J2
14
100
C4/*
0
0
77
2/Am|4/Vm|6/Vm|In/Am|9/Am|8/Am|4/Vd|2/Vd|0/Vm|5/Am|6/Am|7/Vm|7/Am|Pu/Vd
14
100
J1
5
19
C4/*
0
1
-3
0
0
0
0
0
0
0
0
0
0
0
0
-2
-2
77
2/Am|4/Vm|6/Vm|In/Am|9/Am|8/Am|4/Vd|2/Vd|0/Vm|5/Am|6/Am|7/Vm|7/Am|Pu/Vd
14
100
J1
5
19
C4/*
0
1
77
8/Az|1/Az|4/Am|1/Am|5/Az
5
19
J2
14
100
C4/*
0
0
0
-4
-3
77
8/Az|1/Az|4/Am|1/Am|5/Az
5
19
J2
14
100
C4/*
0
0
77
2/Am|4/Vm|6/Vm|In/Am|9/Am|8/Am|4/Vd|2/Vd|0/Vm|5/Am|6/Am|7/Vm|7/Am|Pu/Vd
14
100
J1
5
19
C4/*
0
1
0
0
